make.exe all --print-data-base --no-builtin-variables --no-builtin-rules --question
# GNU Make 3.81
# Copyright (C) 2006  Free Software Foundation, Inc.
# This is free software; see the source for copying conditions.
# There is NO warranty; not even for MERCHANTABILITY or FITNESS FOR A
# PARTICULAR PURPOSE.

# This program built for i386-pc-mingw32

# Make data base, printed on Fri Mar 22 08:48:03 2024

# Variables

# automatic
<D = $(patsubst %/,%,$(dir $<))
# automatic
?F = $(notdir $?)
# environment
VSCODE_CRASH_REPORTER_PROCESS_TYPE = extensionHost
# makefile
MAKEFLAGS = Rrqp
# automatic
?D = $(patsubst %/,%,$(dir $?))
# automatic
@D = $(patsubst %/,%,$(dir $@))
# environment
HOMEDRIVE = C:
# automatic
@F = $(notdir $@)
# automatic
^D = $(patsubst %/,%,$(dir $^))
# makefile
CURDIR := c:/Users/IVO/CLionProjects/praktika
# default
SHELL := sh.exe
# environment
WINDIR = C:\Windows
# environment
VSCODE_NLS_CONFIG = {"locale":"en-us","osLocale":"en-us","availableLanguages":{},"_languagePackSupport":true}
# environment
ONEDRIVE = C:\Users\IVO\OneDrive
# environment
PATHEXT = .COM;.EXE;.BAT;.CMD;.VBS;.VBE;.JS;.JSE;.WSF;.WSH;.MSC;.PY;.PYW
# makefile (from `makefile', line 1)
MAKEFILE_LIST :=  makefile
# environment
FPS_BROWSER_USER_PROFILE_STRING = Default
# environment
TMP = C:\Users\IVO\AppData\Local\Temp
# environment
PROGRAMW6432 = C:\Program Files
# environment
PROGRAMDATA = C:\ProgramData
# environment
VSCODE_CWD = C:\Users\IVO\AppData\Local\Programs\Microsoft VS Code
# environment
PATH = C:\Python312\Scripts\;C:\Python312\;C:\Windows\system32;C:\Windows;C:\Windows\System32\Wbem;C:\Windows\System32\WindowsPowerShell\v1.0\;C:\Windows\System32\OpenSSH\;C:\Program Files\Git\cmd;C:\Program Files\nodejs\;C:\ProgramData\chocolatey\bin;C:\Users\IVO\AppData\Local\Microsoft\WindowsApps;C:\Users\IVO\AppData\Local\Programs\Microsoft VS Code\bin;C:\Users\IVO\AppData\Local\GitHubDesktop\bin;C:\Program Files\JetBrains\PyCharm 2023.2.2\bin;;C:\Program Files (x86)\GnuWin32\bin;C:\msys64\ucrt64\bin;C:\Users\IVO\AppData\Roaming\npm;C:\Program Files\nodejs;
# environment
COMMONPROGRAMW6432 = C:\Program Files\Common Files
# environment
CHOCOLATEYLASTPATHUPDATE = 133548301672910763
# environment
PROCESSOR_ARCHITECTURE = x86
# environment
USERPROFILE = C:\Users\IVO
# environment
CHOCOLATEYINSTALL = C:\ProgramData\chocolatey
# environment
ALLUSERSPROFILE = C:\ProgramData
# environment
NUMBER_OF_PROCESSORS = 4
# environment
ELECTRON_RUN_AS_NODE = 1
# default
.FEATURES := target-specific order-only second-expansion else-if archives
# automatic
%F = $(notdir $%)
# environment
CHROME_CRASHPAD_PIPE_NAME = \\.\pipe\crashpad_14284_DFFVGOVVUUHWAUBF
# environment
COMPUTERNAME = DESKTOP-CP0ALR4
# environment
PROGRAMFILES = C:\Program Files (x86)
# environment
DRIVERDATA = C:\Windows\System32\Drivers\DriverData
# environment
ORIGINAL_XDG_CURRENT_DESKTOP = undefined
# environment
USERNAME = IVO
# environment
PUBLIC = C:\Users\Public
# environment
VSCODE_AMD_ENTRYPOINT = vs/workbench/api/node/extensionHostProcess
# environment
VSCODE_CODE_CACHE_PATH = C:\Users\IVO\AppData\Roaming\Code\CachedData\863d2581ecda6849923a2118d93a088b0745d9d6
# environment
APPLICATION_INSIGHTS_NO_DIAGNOSTIC_CHANNEL = 1
# environment
COMMONPROGRAMFILES = C:\Program Files (x86)\Common Files
# environment
LOGONSERVER = \\DESKTOP-CP0ALR4
# environment
VSCODE_HANDLES_UNCAUGHT_ERRORS = true
# environment
USERDOMAIN = DESKTOP-CP0ALR4
# default
MAKE = $(MAKE_COMMAND)
# default
MAKECMDGOALS := all
# default
MAKE_VERSION := 3.81
# makefile
.DEFAULT_GOAL := all
# environment
PROGRAMFILES(X86) = C:\Program Files (x86)
# automatic
%D = $(patsubst %/,%,$(dir $%))
# environment
LOCALAPPDATA = C:\Users\IVO\AppData\Local
# environment
PSMODULEPATH = C:\Program Files\WindowsPowerShell\Modules;C:\Windows\system32\WindowsPowerShell\v1.0\Modules
# default
MAKE_COMMAND := make.exe
# environment
PROCESSOR_ARCHITEW6432 = AMD64
# default
.VARIABLES := 
# automatic
*F = $(notdir $*)
# environment
PROCESSOR_IDENTIFIER = Intel64 Family 6 Model 61 Stepping 4, GenuineIntel
# environment
OS = Windows_NT
# environment
VSCODE_IPC_HOOK = \\.\pipe\dee5d4ac-1.87.2-main-sock
# environment
HOMEPATH = \Users\IVO
# environment
COMMONPROGRAMFILES(X86) = C:\Program Files (x86)\Common Files
# environment
PROMPT = $P$G
# environment
MFLAGS = -Rrqp
# automatic
*D = $(patsubst %/,%,$(dir $*))
# environment
SYSTEMROOT = C:\Windows
# automatic
+D = $(patsubst %/,%,$(dir $+))
# automatic
+F = $(notdir $+)
# environment
APPDATA = C:\Users\IVO\AppData\Roaming
# environment
TEMP = C:\Users\IVO\AppData\Local\Temp
# environment
COMSPEC = C:\Windows\system32\cmd.exe
# default
MAKEFILES := 
# automatic
<F = $(notdir $<)
# environment
LC_ALL = C
# automatic
^F = $(notdir $^)
# default
SUFFIXES := 
# environment
SYSTEMDRIVE = C:
# environment
SESSIONNAME = Console
# environment
PROCESSOR_REVISION = 3d04
# environment
PYCHARM = C:\Program Files\JetBrains\PyCharm 2023.2.2\bin;
# environment
MAKELEVEL := 0
# environment
LANG = C
# environment
PROCESSOR_LEVEL = 6
# environment
FPS_BROWSER_APP_PROFILE_STRING = Internet Explorer
# environment
PROGF81DEF27053 = 1
# environment
VSCODE_PID = 14284
# environment
USERDOMAIN_ROAMINGPROFILE = DESKTOP-CP0ALR4
# variable set hash-table stats:
# Load=88/1024=9%, Rehash=0, Collisions=9/108=8%

# Pattern-specific Variable Values

# No pattern-specific variable values.

# Directories

# : could not be stat'd.
# C:\Windows\System32\WindowsPowerShell\v1.0\ (key C:/Windows/System32/WindowsPowerShell/v1.0/, mtime 1700583358): 30 files, no impossibilities.
# C:\Windows\System32\Wbem (key C:/Windows/System32/Wbem, mtime 1700583358): 153 files, no impossibilities.
# . (key c:/Users/IVO/CLionProjects/praktika, mtime 1705068955): 17 files, no impossibilities.
# C:\Users\IVO\AppData\Local\Programs\Microsoft VS Code\bin (key C:/Users/IVO/AppData/Local/Programs/Microsoft VS Code/bin, mtime 1710404490): 5 files, no impossibilities.
# C:\ProgramData\chocolatey\bin (key C:/ProgramData/chocolatey/bin, mtime 1710356699): 6 files, no impossibilities.
# C:\Program Files\nodejs\ (key C:/Program Files/nodejs/, mtime 1710356502): 12 files, no impossibilities.
# C:\Users\IVO\AppData\Roaming\npm: could not be stat'd.
# C:\msys64\ucrt64\bin (key C:/msys64/ucrt64/bin, mtime 1701711710): 206 files, no impossibilities.
# C:\Program Files\nodejs (key C:/Program Files/nodejs, mtime 1710356502): 12 files, no impossibilities.
# C:\Windows\System32\OpenSSH\: could not be stat'd.
# C:\Windows (key C:/Windows, mtime 1710773266): 103 files, no impossibilities.
# C:\Users\IVO\AppData\Local\GitHubDesktop\bin (key C:/Users/IVO/AppData/Local/GitHubDesktop/bin, mtime 1678368260): 4 files, no impossibilities.
# C:\Users\IVO\AppData\Local\Microsoft\WindowsApps (key C:/Users/IVO/AppData/Local/Microsoft/WindowsApps, mtime 1710670401): 18 files, no impossibilities.
# C:\Program Files\JetBrains\PyCharm 2023.2.2\bin (key C:/Program Files/JetBrains/PyCharm 2023.2.2/bin, mtime 1696952258): 27 files, no impossibilities.
# C:\Program Files\Git\cmd (key C:/Program Files/Git/cmd, mtime 1678370291): 9 files, no impossibilities.
# C:\Windows\system32 (key C:/Windows/system32, mtime 1710773266): 2861 files, no impossibilities.
# C:\Python312\ (key C:/Python312/, mtime 1710356697): 17 files, no impossibilities.
# C:\Python312\Scripts\ (key C:/Python312/Scripts/, mtime 1710356697): 5 files, no impossibilities.
# C:\Program Files (x86)\GnuWin32\bin (key C:/Program Files (x86)/GnuWin32/bin, mtime 1701526443): 5 files, no impossibilities.

# 3490 files, no impossibilities in 20 directories.

# Implicit Rules

# No implicit rules.

# Files

# Not a target:
square.c:
#  Implicit rule search has been done.
#  Last modified 2023-12-11 20:08:58
#  File has been updated.
#  Successfully updated.
# variable set hash-table stats:
# Load=0/32=0%, Rehash=0, Collisions=0/0=0%

all: square.exe powerof.exe
#  Command-line target.
#  Implicit rule search has been done.
#  File does not exist.
#  File has been updated.
#  Successfully updated.
# variable set hash-table stats:
# Load=0/32=0%, Rehash=0, Collisions=0/0=0%

# Not a target:
maths.h:
#  Implicit rule search has been done.
#  Last modified 2023-12-11 21:26:15
#  File has been updated.
#  Successfully updated.
# variable set hash-table stats:
# Load=0/32=0%, Rehash=0, Collisions=0/0=0%

# Not a target:
.DEFAULT:
#  Implicit rule search has not been done.
#  Modification time never checked.
#  File has not been updated.

# Not a target:
makefile:
#  Implicit rule search has been done.
#  Last modified 2023-12-11 20:08:58
#  File has been updated.
#  Successfully updated.
# variable set hash-table stats:
# Load=0/32=0%, Rehash=0, Collisions=0/0=0%

# Not a target:
powerof.c:
#  Implicit rule search has been done.
#  Last modified 2023-12-11 20:49:34
#  File has been updated.
#  Successfully updated.
# variable set hash-table stats:
# Load=0/32=0%, Rehash=0, Collisions=0/0=0%

powerof.exe: powerof.c maths.o maths.h
#  Implicit rule search has not been done.
#  Last modified 2024-01-12 16:15:55
#  File has been updated.
#  Successfully updated.
# variable set hash-table stats:
# Load=0/32=0%, Rehash=0, Collisions=0/0=0%
#  commands to execute (from `makefile', line 7):
	gcc powerof.c maths.o -o powerof.exe
	

square.exe: square.c maths.o maths.h
#  Implicit rule search has not been done.
#  Last modified 2024-01-12 16:15:55
#  File has been updated.
#  Successfully updated.
# variable set hash-table stats:
# Load=0/32=0%, Rehash=0, Collisions=0/0=0%
#  commands to execute (from `makefile', line 4):
	gcc square.c maths.o -o square.exe
	

# Not a target:
.SUFFIXES:
#  Implicit rule search has not been done.
#  Modification time never checked.
#  File has not been updated.

maths.o: maths.h maths.c
#  Implicit rule search has not been done.
#  Last modified 2024-01-12 16:15:54
#  File has been updated.
#  Successfully updated.
# variable set hash-table stats:
# Load=0/32=0%, Rehash=0, Collisions=0/0=0%
#  commands to execute (from `makefile', line 10):
	gcc -c maths.c -o maths.o
	

clean:
#  Implicit rule search has not been done.
#  Modification time never checked.
#  File has not been updated.
#  commands to execute (from `makefile', line 13):
	del *.o *.exe
	

# Not a target:
maths.c:
#  Implicit rule search has been done.
#  Last modified 2023-12-11 21:26:15
#  File has been updated.
#  Successfully updated.
# variable set hash-table stats:
# Load=0/32=0%, Rehash=0, Collisions=0/0=0%

# files hash-table stats:
# Load=12/1024=1%, Rehash=0, Collisions=4/34=12%
# VPATH Search Paths

# No `vpath' search paths.

# No general (`VPATH' variable) search path.

# # of strings in strcache: 1
# # of strcache buffers: 1
# strcache size: total = 4096 / max = 4096 / min = 4096 / avg = 4096
# strcache free: total = 4087 / max = 4087 / min = 4087 / avg = 4087

# Finished Make data base on Fri Mar 22 08:48:03 2024

 
